<?xml version="1.0" encoding="UTF-8"?>
<!-- Generated by org.testng.reporters.JUnitXMLReporter -->
<testsuite hostname="Rutuja" name="Test" tests="3" failures="1" timestamp="15 Apr 2019 22:13:55 GMT" time="63.981" errors="0">
  <testcase name="loginvaliddata1" time="35.902" classname="com.model.MavenMercuryDemo.MercuryTest"/>
  <testcase name="signupPage" time="0.024" classname="com.model.MavenMercuryDemo.MercuryTest">
    <failure type="java.lang.AssertionError" message="Sign-on Mercury Tours expected:&amp;lt;Sign-on: Mercury Tours&amp;gt; but was:&amp;lt;Titles of signup page are not match&amp;gt;">
      <![CDATA[java.lang.AssertionError: Sign-on Mercury Tours expected:<Sign-on: Mercury Tours> but was:<Titles of signup page are not match>
	at com.model.MavenMercuryDemo.MercuryTest.signupPage(MercuryTest.java:63)
... Removed 26 stack frames]]>
    </failure>
  </testcase> <!-- signupPage -->
  <testcase name="loginInvalidds" time="6.789" classname="com.model.MavenMercuryDemo.MercuryTest"/>
</testsuite> <!-- Test -->
