<?xml version="1.0" encoding="UTF-8"?>
<!-- Generated by org.testng.reporters.JUnitXMLReporter -->
<testsuite hostname="Rutuja" ignored="0" name="Test" tests="3" failures="1" timestamp="15 Apr 2019 22:51:49 GMT" time="92.664" errors="0">
  <testcase name="loginvaliddata1" time="58.889" classname="com.model.MavenMercuryDemo.MercuryTest"/>
  <testcase name="signupPage" time="0.024" classname="com.model.MavenMercuryDemo.MercuryTest">
    <failure type="java.lang.AssertionError" message="Titles of signup page are not match expected [Sign-on: Mercury Tours] but found [Sign-on Mercury Tours]">
      <![CDATA[java.lang.AssertionError: Titles of signup page are not match expected [Sign-on: Mercury Tours] but found [Sign-on Mercury Tours]
at com.model.MavenMercuryDemo.MercuryTest.signupPage(MercuryTest.java:63)
... Removed 33 stack frames]]>
    </failure>
  </testcase> <!-- signupPage -->
  <testcase name="loginInvalidds" time="4.747" classname="com.model.MavenMercuryDemo.MercuryTest"/>
</testsuite> <!-- Test -->
