<?xml version="1.0" encoding="UTF-8"?>
<testng-results skipped="0" failed="1" ignored="0" total="3" passed="2">
  <reporter-output>
  </reporter-output>
  <suite name="Suite" duration-ms="92664" started-at="2019-04-15T22:50:17Z" finished-at="2019-04-15T22:51:49Z">
    <groups>
    </groups>
    <test name="Test" duration-ms="92664" started-at="2019-04-15T22:50:17Z" finished-at="2019-04-15T22:51:49Z">
      <class name="com.model.MavenMercuryDemo.MercuryTest">
        <test-method status="PASS" signature="beforeSuite()[pri:0, instance:com.model.MavenMercuryDemo.MercuryTest@6bdf28bb]" name="beforeSuite" is-config="true" duration-ms="5565" started-at="2019-04-15T22:50:11Z" finished-at="2019-04-15T22:50:17Z">
          <reporter-output>
          </reporter-output>
        </test-method> <!-- beforeSuite -->
        <test-method status="PASS" signature="pageurlUp()[pri:0, instance:com.model.MavenMercuryDemo.MercuryTest@6bdf28bb]" name="pageurlUp" is-config="true" duration-ms="25243" started-at="2019-04-15T22:50:17Z" finished-at="2019-04-15T22:50:42Z">
          <reporter-output>
          </reporter-output>
        </test-method> <!-- pageurlUp -->
        <test-method status="PASS" signature="windowMaximize()[pri:0, instance:com.model.MavenMercuryDemo.MercuryTest@6bdf28bb]" name="windowMaximize" is-config="true" duration-ms="1202" started-at="2019-04-15T22:50:42Z" finished-at="2019-04-15T22:50:43Z">
          <reporter-output>
          </reporter-output>
        </test-method> <!-- windowMaximize -->
        <test-method status="PASS" signature="getAllCookies()[pri:0, instance:com.model.MavenMercuryDemo.MercuryTest@6bdf28bb]" name="getAllCookies" is-config="true" duration-ms="39" started-at="2019-04-15T22:50:43Z" finished-at="2019-04-15T22:50:43Z">
          <reporter-output>
          </reporter-output>
        </test-method> <!-- getAllCookies -->
        <test-method status="PASS" signature="loginvaliddata1()[pri:1, instance:com.model.MavenMercuryDemo.MercuryTest@6bdf28bb]" name="loginvaliddata1" duration-ms="58889" started-at="2019-04-15T22:50:43Z" finished-at="2019-04-15T22:51:42Z">
          <reporter-output>
          </reporter-output>
        </test-method> <!-- loginvaliddata1 -->
        <test-method status="PASS" signature="getScreenshots()[pri:0, instance:com.model.MavenMercuryDemo.MercuryTest@6bdf28bb]" name="getScreenshots" is-config="true" duration-ms="767" started-at="2019-04-15T22:51:42Z" finished-at="2019-04-15T22:51:43Z">
          <reporter-output>
          </reporter-output>
        </test-method> <!-- getScreenshots -->
        <test-method status="PASS" signature="getAllCookies()[pri:0, instance:com.model.MavenMercuryDemo.MercuryTest@6bdf28bb]" name="getAllCookies" is-config="true" duration-ms="17" started-at="2019-04-15T22:51:43Z" finished-at="2019-04-15T22:51:43Z">
          <reporter-output>
          </reporter-output>
        </test-method> <!-- getAllCookies -->
        <test-method status="FAIL" signature="signupPage()[pri:2, instance:com.model.MavenMercuryDemo.MercuryTest@6bdf28bb]" name="signupPage" duration-ms="24" started-at="2019-04-15T22:51:43Z" finished-at="2019-04-15T22:51:43Z">
          <exception class="java.lang.AssertionError">
            <message>
              <![CDATA[Titles of signup page are not match expected [Sign-on: Mercury Tours] but found [Sign-on Mercury Tours]]]>
            </message>
            <full-stacktrace>
              <![CDATA[java.lang.AssertionError: Titles of signup page are not match expected [Sign-on: Mercury Tours] but found [Sign-on Mercury Tours]
at org.testng.Assert.fail(Assert.java:96)
at org.testng.Assert.failNotEquals(Assert.java:776)
at org.testng.Assert.assertEqualsImpl(Assert.java:137)
at org.testng.Assert.assertEquals(Assert.java:118)
at org.testng.Assert.assertEquals(Assert.java:453)
at com.model.MavenMercuryDemo.MercuryTest.signupPage(MercuryTest.java:63)
at sun.reflect.NativeMethodAccessorImpl.invoke0(Native Method)
at sun.reflect.NativeMethodAccessorImpl.invoke(NativeMethodAccessorImpl.java:62)
at sun.reflect.DelegatingMethodAccessorImpl.invoke(DelegatingMethodAccessorImpl.java:43)
at java.lang.reflect.Method.invoke(Method.java:498)
at org.testng.internal.MethodInvocationHelper.invokeMethod(MethodInvocationHelper.java:124)
at org.testng.internal.Invoker.invokeMethod(Invoker.java:583)
at org.testng.internal.Invoker.invokeTestMethod(Invoker.java:719)
at org.testng.internal.Invoker.invokeTestMethods(Invoker.java:989)
at org.testng.internal.TestMethodWorker.invokeTestMethods(TestMethodWorker.java:125)
at org.testng.internal.TestMethodWorker.run(TestMethodWorker.java:109)
at org.testng.TestRunner.privateRun(TestRunner.java:648)
at org.testng.TestRunner.run(TestRunner.java:505)
at org.testng.SuiteRunner.runTest(SuiteRunner.java:455)
at org.testng.SuiteRunner.runSequentially(SuiteRunner.java:450)
at org.testng.SuiteRunner.privateRun(SuiteRunner.java:415)
at org.testng.SuiteRunner.run(SuiteRunner.java:364)
at org.testng.SuiteRunnerWorker.runSuite(SuiteRunnerWorker.java:52)
at org.testng.SuiteRunnerWorker.run(SuiteRunnerWorker.java:84)
at org.testng.TestNG.runSuitesSequentially(TestNG.java:1208)
at org.testng.TestNG.runSuitesLocally(TestNG.java:1137)
at org.testng.TestNG.runSuites(TestNG.java:1049)
at org.testng.TestNG.run(TestNG.java:1017)
at org.apache.maven.surefire.testng.TestNGExecutor.run(TestNGExecutor.java:295)
at org.apache.maven.surefire.testng.TestNGXmlTestSuite.execute(TestNGXmlTestSuite.java:84)
at org.apache.maven.surefire.testng.TestNGProvider.invoke(TestNGProvider.java:90)
at org.apache.maven.surefire.booter.ForkedBooter.invokeProviderInSameClassLoader(ForkedBooter.java:203)
at org.apache.maven.surefire.booter.ForkedBooter.runSuitesInProcess(ForkedBooter.java:155)
at org.apache.maven.surefire.booter.ForkedBooter.main(ForkedBooter.java:103)
]]>
            </full-stacktrace>
          </exception> <!-- java.lang.AssertionError -->
          <reporter-output>
          </reporter-output>
        </test-method> <!-- signupPage -->
        <test-method status="PASS" signature="getScreenshots()[pri:0, instance:com.model.MavenMercuryDemo.MercuryTest@6bdf28bb]" name="getScreenshots" is-config="true" duration-ms="737" started-at="2019-04-15T22:51:43Z" finished-at="2019-04-15T22:51:44Z">
          <reporter-output>
          </reporter-output>
        </test-method> <!-- getScreenshots -->
        <test-method status="PASS" signature="getAllCookies()[pri:0, instance:com.model.MavenMercuryDemo.MercuryTest@6bdf28bb]" name="getAllCookies" is-config="true" duration-ms="29" started-at="2019-04-15T22:51:44Z" finished-at="2019-04-15T22:51:44Z">
          <reporter-output>
          </reporter-output>
        </test-method> <!-- getAllCookies -->
        <test-method status="PASS" signature="loginInvalidds()[pri:3, instance:com.model.MavenMercuryDemo.MercuryTest@6bdf28bb]" name="loginInvalidds" duration-ms="4747" started-at="2019-04-15T22:51:44Z" finished-at="2019-04-15T22:51:48Z">
          <reporter-output>
          </reporter-output>
        </test-method> <!-- loginInvalidds -->
        <test-method status="PASS" signature="getScreenshots()[pri:0, instance:com.model.MavenMercuryDemo.MercuryTest@6bdf28bb]" name="getScreenshots" is-config="true" duration-ms="728" started-at="2019-04-15T22:51:48Z" finished-at="2019-04-15T22:51:49Z">
          <reporter-output>
          </reporter-output>
        </test-method> <!-- getScreenshots -->
        <test-method status="PASS" signature="deleteAllCookies()[pri:0, instance:com.model.MavenMercuryDemo.MercuryTest@6bdf28bb]" name="deleteAllCookies" is-config="true" duration-ms="153" started-at="2019-04-15T22:51:49Z" finished-at="2019-04-15T22:51:49Z">
          <reporter-output>
          </reporter-output>
        </test-method> <!-- deleteAllCookies -->
        <test-method status="PASS" signature="dbConnectionClose()[pri:0, instance:com.model.MavenMercuryDemo.MercuryTest@6bdf28bb]" name="dbConnectionClose" is-config="true" duration-ms="1" started-at="2019-04-15T22:51:49Z" finished-at="2019-04-15T22:51:49Z">
          <reporter-output>
          </reporter-output>
        </test-method> <!-- dbConnectionClose -->
        <test-method status="PASS" signature="browserClose()[pri:0, instance:com.model.MavenMercuryDemo.MercuryTest@6bdf28bb]" name="browserClose" is-config="true" duration-ms="470" started-at="2019-04-15T22:51:49Z" finished-at="2019-04-15T22:51:50Z">
          <reporter-output>
          </reporter-output>
        </test-method> <!-- browserClose -->
      </class> <!-- com.model.MavenMercuryDemo.MercuryTest -->
    </test> <!-- Test -->
  </suite> <!-- Suite -->
</testng-results>
