<?xml version="1.0" encoding="UTF-8"?>
<testng-results skipped="0" failed="1" total="3" passed="2">
  <reporter-output>
  </reporter-output>
  <suite name="Suite" duration-ms="63981" started-at="2019-04-15T22:12:51Z" finished-at="2019-04-15T22:13:55Z">
    <groups>
    </groups>
    <test name="Test" duration-ms="63981" started-at="2019-04-15T22:12:51Z" finished-at="2019-04-15T22:13:55Z">
      <class name="com.model.MavenMercuryDemo.MercuryTest">
        <test-method status="PASS" signature="beforeSuite()[pri:0, instance:com.model.MavenMercuryDemo.MercuryTest@8bd1b6a]" name="beforeSuite" is-config="true" duration-ms="34541" started-at="2019-04-15T15:12:16Z" finished-at="2019-04-15T15:12:51Z">
          <reporter-output>
          </reporter-output>
        </test-method> <!-- beforeSuite -->
        <test-method status="PASS" signature="pageurlUp()[pri:0, instance:com.model.MavenMercuryDemo.MercuryTest@8bd1b6a]" name="pageurlUp" is-config="true" duration-ms="17120" started-at="2019-04-15T15:12:51Z" finished-at="2019-04-15T15:13:08Z">
          <reporter-output>
          </reporter-output>
        </test-method> <!-- pageurlUp -->
        <test-method status="PASS" signature="windowMaximize()[pri:0, instance:com.model.MavenMercuryDemo.MercuryTest@8bd1b6a]" name="windowMaximize" is-config="true" duration-ms="1235" started-at="2019-04-15T15:13:08Z" finished-at="2019-04-15T15:13:09Z">
          <reporter-output>
          </reporter-output>
        </test-method> <!-- windowMaximize -->
        <test-method status="PASS" signature="getAllCookies()[pri:0, instance:com.model.MavenMercuryDemo.MercuryTest@8bd1b6a]" name="getAllCookies" is-config="true" duration-ms="33" started-at="2019-04-15T15:13:09Z" finished-at="2019-04-15T15:13:09Z">
          <reporter-output>
          </reporter-output>
        </test-method> <!-- getAllCookies -->
        <test-method status="PASS" signature="loginvaliddata1()[pri:1, instance:com.model.MavenMercuryDemo.MercuryTest@8bd1b6a]" name="loginvaliddata1" duration-ms="35902" started-at="2019-04-15T15:13:09Z" finished-at="2019-04-15T15:13:45Z">
          <reporter-output>
          </reporter-output>
        </test-method> <!-- loginvaliddata1 -->
        <test-method status="PASS" signature="getScreenshots()[pri:0, instance:com.model.MavenMercuryDemo.MercuryTest@8bd1b6a]" name="getScreenshots" is-config="true" duration-ms="1171" started-at="2019-04-15T15:13:45Z" finished-at="2019-04-15T15:13:46Z">
          <reporter-output>
          </reporter-output>
        </test-method> <!-- getScreenshots -->
        <test-method status="PASS" signature="getAllCookies()[pri:0, instance:com.model.MavenMercuryDemo.MercuryTest@8bd1b6a]" name="getAllCookies" is-config="true" duration-ms="21" started-at="2019-04-15T15:13:46Z" finished-at="2019-04-15T15:13:46Z">
          <reporter-output>
          </reporter-output>
        </test-method> <!-- getAllCookies -->
        <test-method status="FAIL" signature="signupPage()[pri:2, instance:com.model.MavenMercuryDemo.MercuryTest@8bd1b6a]" name="signupPage" duration-ms="24" started-at="2019-04-15T15:13:46Z" finished-at="2019-04-15T15:13:46Z">
          <exception class="java.lang.AssertionError">
            <message>
              <![CDATA[Sign-on Mercury Tours expected:<Sign-on: Mercury Tours> but was:<Titles of signup page are not match>]]>
            </message>
            <full-stacktrace>
              <![CDATA[java.lang.AssertionError: Sign-on Mercury Tours expected:<Sign-on: Mercury Tours> but was:<Titles of signup page are not match>
	at org.testng.AssertJUnit.assertEquals(AssertJUnit.java:101)
	at com.model.MavenMercuryDemo.MercuryTest.signupPage(MercuryTest.java:63)
	at sun.reflect.NativeMethodAccessorImpl.invoke0(Native Method)
	at sun.reflect.NativeMethodAccessorImpl.invoke(NativeMethodAccessorImpl.java:62)
	at sun.reflect.DelegatingMethodAccessorImpl.invoke(DelegatingMethodAccessorImpl.java:43)
	at java.lang.reflect.Method.invoke(Method.java:498)
	at org.testng.internal.MethodInvocationHelper.invokeMethod(MethodInvocationHelper.java:100)
	at org.testng.internal.Invoker.invokeMethod(Invoker.java:646)
	at org.testng.internal.Invoker.invokeTestMethod(Invoker.java:811)
	at org.testng.internal.Invoker.invokeTestMethods(Invoker.java:1137)
	at org.testng.internal.TestMethodWorker.invokeTestMethods(TestMethodWorker.java:129)
	at org.testng.internal.TestMethodWorker.run(TestMethodWorker.java:112)
	at org.testng.TestRunner.privateRun(TestRunner.java:753)
	at org.testng.TestRunner.run(TestRunner.java:607)
	at org.testng.SuiteRunner.runTest(SuiteRunner.java:368)
	at org.testng.SuiteRunner.runSequentially(SuiteRunner.java:363)
	at org.testng.SuiteRunner.privateRun(SuiteRunner.java:321)
	at org.testng.SuiteRunner.run(SuiteRunner.java:270)
	at org.testng.SuiteRunnerWorker.runSuite(SuiteRunnerWorker.java:52)
	at org.testng.SuiteRunnerWorker.run(SuiteRunnerWorker.java:86)
	at org.testng.TestNG.runSuitesSequentially(TestNG.java:1284)
	at org.testng.TestNG.runSuitesLocally(TestNG.java:1209)
	at org.testng.TestNG.runSuites(TestNG.java:1124)
	at org.testng.TestNG.run(TestNG.java:1096)
	at org.testng.remote.AbstractRemoteTestNG.run(AbstractRemoteTestNG.java:132)
	at org.testng.remote.RemoteTestNG.initAndRun(RemoteTestNG.java:236)
	at org.testng.remote.RemoteTestNG.main(RemoteTestNG.java:81)
]]>
            </full-stacktrace>
          </exception> <!-- java.lang.AssertionError -->
          <reporter-output>
          </reporter-output>
        </test-method> <!-- signupPage -->
        <test-method status="PASS" signature="getScreenshots()[pri:0, instance:com.model.MavenMercuryDemo.MercuryTest@8bd1b6a]" name="getScreenshots" is-config="true" duration-ms="704" started-at="2019-04-15T15:13:46Z" finished-at="2019-04-15T15:13:47Z">
          <reporter-output>
          </reporter-output>
        </test-method> <!-- getScreenshots -->
        <test-method status="PASS" signature="getAllCookies()[pri:0, instance:com.model.MavenMercuryDemo.MercuryTest@8bd1b6a]" name="getAllCookies" is-config="true" duration-ms="24" started-at="2019-04-15T15:13:47Z" finished-at="2019-04-15T15:13:47Z">
          <reporter-output>
          </reporter-output>
        </test-method> <!-- getAllCookies -->
        <test-method status="PASS" signature="loginInvalidds()[pri:3, instance:com.model.MavenMercuryDemo.MercuryTest@8bd1b6a]" name="loginInvalidds" duration-ms="6789" started-at="2019-04-15T15:13:47Z" finished-at="2019-04-15T15:13:54Z">
          <reporter-output>
          </reporter-output>
        </test-method> <!-- loginInvalidds -->
        <test-method status="PASS" signature="getScreenshots()[pri:0, instance:com.model.MavenMercuryDemo.MercuryTest@8bd1b6a]" name="getScreenshots" is-config="true" duration-ms="598" started-at="2019-04-15T15:13:54Z" finished-at="2019-04-15T15:13:54Z">
          <reporter-output>
          </reporter-output>
        </test-method> <!-- getScreenshots -->
        <test-method status="PASS" signature="deleteAllCookies()[pri:0, instance:com.model.MavenMercuryDemo.MercuryTest@8bd1b6a]" name="deleteAllCookies" is-config="true" duration-ms="177" started-at="2019-04-15T15:13:54Z" finished-at="2019-04-15T15:13:55Z">
          <reporter-output>
          </reporter-output>
        </test-method> <!-- deleteAllCookies -->
        <test-method status="PASS" signature="dbConnectionClose()[pri:0, instance:com.model.MavenMercuryDemo.MercuryTest@8bd1b6a]" name="dbConnectionClose" is-config="true" duration-ms="1" started-at="2019-04-15T15:13:55Z" finished-at="2019-04-15T15:13:55Z">
          <reporter-output>
          </reporter-output>
        </test-method> <!-- dbConnectionClose -->
        <test-method status="PASS" signature="browserClose()[pri:0, instance:com.model.MavenMercuryDemo.MercuryTest@8bd1b6a]" name="browserClose" is-config="true" duration-ms="178" started-at="2019-04-15T15:13:55Z" finished-at="2019-04-15T15:13:55Z">
          <reporter-output>
          </reporter-output>
        </test-method> <!-- browserClose -->
      </class> <!-- com.model.MavenMercuryDemo.MercuryTest -->
    </test> <!-- Test -->
  </suite> <!-- Suite -->
</testng-results>
